
/home/runner/work/exp-drop-weight-method-nitk/exp-drop-weight-method-nitk/experiment/simulation/js/script.js
    1:5   warning  'b' is assigned a value but never used           no-unused-vars
    3:5   warning  'magi' is assigned a value but never used        no-unused-vars
    4:5   warning  'halli' is assigned a value but never used       no-unused-vars
    5:5   warning  'e' is assigned a value but never used           no-unused-vars
    6:5   warning  'c' is assigned a value but never used           no-unused-vars
    7:5   warning  'concentration' is defined but never used        no-unused-vars
    8:5   warning  'magcount' is assigned a value but never used    no-unused-vars
    9:5   warning  'hallcount' is assigned a value but never used   no-unused-vars
   18:5   warning  'row' is defined but never used                  no-unused-vars
   19:5   warning  'ibrow' is defined but never used                no-unused-vars
   20:5   warning  'rH' is assigned a value but never used          no-unused-vars
   21:5   warning  'raisedtoTen' is defined but never used          no-unused-vars
   38:10  warning  'up' is defined but never used                   no-unused-vars
   43:10  warning  'down' is defined but never used                 no-unused-vars
   71:10  warning  'update' is defined but never used               no-unused-vars
  132:10  warning  'insert' is defined but never used               no-unused-vars
  448:10  warning  'remove' is defined but never used               no-unused-vars
  501:9   warning  'disable' is not defined                         no-undef
  525:10  warning  'optionmaterial' is defined but never used       no-unused-vars
  544:10  warning  'openobservation' is defined but never used      no-unused-vars
  582:10  warning  'Refresh' is defined but never used              no-unused-vars
  584:2   warning  Unnecessary semicolon                            no-extra-semi
  589:5   warning  'checkCount' is assigned a value but never used  no-unused-vars
  590:10  warning  'checkClicked' is defined but never used         no-unused-vars
  590:23  warning  'evt' is defined but never used                  no-unused-vars
  593:7   warning  'option' is not defined                          no-undef
  598:10  warning  'clearing' is defined but never used             no-unused-vars
  610:18  warning  'i' is already defined                           no-redeclare
  622:10  warning  'timer' is defined but never used                no-unused-vars
  627:10  warning  'help' is defined but never used                 no-unused-vars
  632:10  warning  'hallcovalue' is defined but never used          no-unused-vars

✖ 31 problems (0 errors, 31 warnings)
  0 errors and 1 warning potentially fixable with the `--fix` option.

